warning: failed to open layout file 'doxygenLayout.xml' for reading!
warning: source img is not a readable file or directory... skipping.
warning: source ../include/camlerrorcmodes.h is not a readable file or directory... skipping.
/home/jaewook/project/github.sec/datamodel-aml-c/include/camlinterface.h:307: warning: explicit link request to 'CAML_OK' could not be resolved
/home/jaewook/project/github.sec/datamodel-aml-c/include/camlinterface.h:308: warning: explicit link request to 'CAML_INVALID_PARAM' could not be resolved
/home/jaewook/project/github.sec/datamodel-aml-c/include/camlinterface.h:309: warning: explicit link request to 'CAML_NO_MEMORY' could not be resolved
/home/jaewook/project/github.sec/datamodel-aml-c/include/camlinterface.h:294: warning: explicit link request to 'CAML_OK' could not be resolved
/home/jaewook/project/github.sec/datamodel-aml-c/include/camlinterface.h:295: warning: explicit link request to 'CAML_INVALID_PARAM' could not be resolved
/home/jaewook/project/github.sec/datamodel-aml-c/include/camlinterface.h:296: warning: explicit link request to 'CAML_KEY_NOT_EXIST' could not be resolved
/home/jaewook/project/github.sec/datamodel-aml-c/include/camlinterface.h:259: warning: explicit link request to 'CAML_OK' could not be resolved
/home/jaewook/project/github.sec/datamodel-aml-c/include/camlinterface.h:260: warning: explicit link request to 'CAML_INVALID_PARAM' could not be resolved
/home/jaewook/project/github.sec/datamodel-aml-c/include/camlinterface.h:261: warning: explicit link request to 'CAML_KEY_NOT_EXIST' could not be resolved
/home/jaewook/project/github.sec/datamodel-aml-c/include/camlinterface.h:262: warning: explicit link request to 'CAML_NO_MEMORY' could not be resolved
/home/jaewook/project/github.sec/datamodel-aml-c/include/camlinterface.h:276: warning: explicit link request to 'CAML_OK' could not be resolved
/home/jaewook/project/github.sec/datamodel-aml-c/include/camlinterface.h:277: warning: explicit link request to 'CAML_INVALID_PARAM' could not be resolved
/home/jaewook/project/github.sec/datamodel-aml-c/include/camlinterface.h:278: warning: explicit link request to 'CAML_KEY_NOT_EXIST' could not be resolved
/home/jaewook/project/github.sec/datamodel-aml-c/include/camlinterface.h:279: warning: explicit link request to 'CAML_NO_MEMORY' could not be resolved
/home/jaewook/project/github.sec/datamodel-aml-c/include/camlinterface.h:323: warning: explicit link request to 'CAML_OK' could not be resolved
/home/jaewook/project/github.sec/datamodel-aml-c/include/camlinterface.h:324: warning: explicit link request to 'CAML_INVALID_PARAM' could not be resolved
/home/jaewook/project/github.sec/datamodel-aml-c/include/camlinterface.h:325: warning: explicit link request to 'CAML_KEY_NOT_EXIST' could not be resolved
/home/jaewook/project/github.sec/datamodel-aml-c/include/camlinterface.h:246: warning: explicit link request to 'CAML_OK' could not be resolved
/home/jaewook/project/github.sec/datamodel-aml-c/include/camlinterface.h:247: warning: explicit link request to 'CAML_INVALID_PARAM' could not be resolved
/home/jaewook/project/github.sec/datamodel-aml-c/include/camlinterface.h:248: warning: explicit link request to 'CAML_KEY_ALREADY_EXIST' could not be resolved
/home/jaewook/project/github.sec/datamodel-aml-c/include/camlinterface.h:218: warning: explicit link request to 'CAML_OK' could not be resolved
/home/jaewook/project/github.sec/datamodel-aml-c/include/camlinterface.h:219: warning: explicit link request to 'CAML_INVALID_PARAM' could not be resolved
/home/jaewook/project/github.sec/datamodel-aml-c/include/camlinterface.h:220: warning: explicit link request to 'CAML_KEY_ALREADY_EXIST' could not be resolved
/home/jaewook/project/github.sec/datamodel-aml-c/include/camlinterface.h:232: warning: explicit link request to 'CAML_OK' could not be resolved
/home/jaewook/project/github.sec/datamodel-aml-c/include/camlinterface.h:233: warning: explicit link request to 'CAML_INVALID_PARAM' could not be resolved
/home/jaewook/project/github.sec/datamodel-aml-c/include/camlinterface.h:234: warning: explicit link request to 'CAML_KEY_ALREADY_EXIST' could not be resolved
/home/jaewook/project/github.sec/datamodel-aml-c/include/camlinterface.h:107: warning: explicit link request to 'CAML_OK' could not be resolved
/home/jaewook/project/github.sec/datamodel-aml-c/include/camlinterface.h:108: warning: explicit link request to 'CAML_INVALID_PARAM' could not be resolved
/home/jaewook/project/github.sec/datamodel-aml-c/include/camlinterface.h:109: warning: explicit link request to 'CAML_KEY_ALREADY_EXIST' could not be resolved
/home/jaewook/project/github.sec/datamodel-aml-c/include/camlinterface.h:120: warning: explicit link request to 'CAML_OK' could not be resolved
/home/jaewook/project/github.sec/datamodel-aml-c/include/camlinterface.h:121: warning: explicit link request to 'CAML_INVALID_PARAM' could not be resolved
/home/jaewook/project/github.sec/datamodel-aml-c/include/camlinterface.h:122: warning: explicit link request to 'CAML_KEY_NOT_EXIST' could not be resolved
/home/jaewook/project/github.sec/datamodel-aml-c/include/camlinterface.h:133: warning: explicit link request to 'CAML_OK' could not be resolved
/home/jaewook/project/github.sec/datamodel-aml-c/include/camlinterface.h:134: warning: explicit link request to 'CAML_INVALID_PARAM' could not be resolved
/home/jaewook/project/github.sec/datamodel-aml-c/include/camlinterface.h:135: warning: explicit link request to 'CAML_NO_MEMORY' could not be resolved
/home/jaewook/project/github.sec/datamodel-aml-c/include/camlinterface.h:148: warning: explicit link request to 'CAML_OK' could not be resolved
/home/jaewook/project/github.sec/datamodel-aml-c/include/camlinterface.h:149: warning: explicit link request to 'CAML_INVALID_PARAM' could not be resolved
/home/jaewook/project/github.sec/datamodel-aml-c/include/camlinterface.h:150: warning: explicit link request to 'CAML_NO_MEMORY' could not be resolved
/home/jaewook/project/github.sec/datamodel-aml-c/include/camlinterface.h:174: warning: explicit link request to 'CAML_OK' could not be resolved
/home/jaewook/project/github.sec/datamodel-aml-c/include/camlinterface.h:175: warning: explicit link request to 'CAML_INVALID_PARAM' could not be resolved
/home/jaewook/project/github.sec/datamodel-aml-c/include/camlinterface.h:176: warning: explicit link request to 'CAML_NO_MEMORY' could not be resolved
/home/jaewook/project/github.sec/datamodel-aml-c/include/camlinterface.h:161: warning: explicit link request to 'CAML_OK' could not be resolved
/home/jaewook/project/github.sec/datamodel-aml-c/include/camlinterface.h:162: warning: explicit link request to 'CAML_INVALID_PARAM' could not be resolved
/home/jaewook/project/github.sec/datamodel-aml-c/include/camlinterface.h:163: warning: explicit link request to 'CAML_NO_MEMORY' could not be resolved
/home/jaewook/project/github.sec/datamodel-aml-c/include/camlinterface.h:206: warning: explicit link request to 'CAML_OK' could not be resolved
/home/jaewook/project/github.sec/datamodel-aml-c/include/camlinterface.h:207: warning: explicit link request to 'CAML_INVALID_PARAM' could not be resolved
/home/jaewook/project/github.sec/datamodel-aml-c/include/camlinterface.h:94: warning: explicit link request to 'CAML_OK' could not be resolved
/home/jaewook/project/github.sec/datamodel-aml-c/include/camlinterface.h:95: warning: explicit link request to 'CAML_INVALID_PARAM' could not be resolved
/home/jaewook/project/github.sec/datamodel-aml-c/include/camlinterface.h:187: warning: explicit link request to 'CAML_OK' could not be resolved
/home/jaewook/project/github.sec/datamodel-aml-c/include/camlinterface.h:188: warning: explicit link request to 'CAML_INVALID_PARAM' could not be resolved
/home/jaewook/project/github.sec/datamodel-aml-c/include/camlinterface.h:52: warning: argument 'timestamp' of command @param is not found in the argument list of CreateAMLObject(const char *deviceId, const char *timeStamp, amlObjectHandle_t *amlObjHandle)
/home/jaewook/project/github.sec/datamodel-aml-c/include/camlinterface.h:55: warning: explicit link request to 'CAML_OK' could not be resolved
/home/jaewook/project/github.sec/datamodel-aml-c/include/camlinterface.h:56: warning: explicit link request to 'CAML_INVALID_PARAM' could not be resolved
/home/jaewook/project/github.sec/datamodel-aml-c/include/camlinterface.h:57: warning: explicit link request to 'CAML_NO_MEMORY' could not be resolved
/home/jaewook/project/github.sec/datamodel-aml-c/include/camlinterface.h:52: warning: The following parameters of CreateAMLObject(const char *deviceId, const char *timeStamp, amlObjectHandle_t *amlObjHandle) are not documented:
  parameter 'timeStamp'
/home/jaewook/project/github.sec/datamodel-aml-c/include/camlinterface.h:67: warning: argument 'timestamp' of command @param is not found in the argument list of CreateAMLObjectWithID(const char *deviceId, const char *timeStamp, const char *id, amlObjectHandle_t *amlObjHandle)
/home/jaewook/project/github.sec/datamodel-aml-c/include/camlinterface.h:71: warning: explicit link request to 'CAML_OK' could not be resolved
/home/jaewook/project/github.sec/datamodel-aml-c/include/camlinterface.h:72: warning: explicit link request to 'CAML_INVALID_PARAM' could not be resolved
/home/jaewook/project/github.sec/datamodel-aml-c/include/camlinterface.h:73: warning: explicit link request to 'CAML_NO_MEMORY' could not be resolved
/home/jaewook/project/github.sec/datamodel-aml-c/include/camlinterface.h:67: warning: The following parameters of CreateAMLObjectWithID(const char *deviceId, const char *timeStamp, const char *id, amlObjectHandle_t *amlObjHandle) are not documented:
  parameter 'timeStamp'
/home/jaewook/project/github.sec/datamodel-aml-c/include/camlinterface.h:197: warning: explicit link request to 'CAML_OK' could not be resolved
/home/jaewook/project/github.sec/datamodel-aml-c/include/camlinterface.h:198: warning: explicit link request to 'CAML_INVALID_PARAM' could not be resolved
/home/jaewook/project/github.sec/datamodel-aml-c/include/camlinterface.h:85: warning: explicit link request to 'CAML_OK' could not be resolved
/home/jaewook/project/github.sec/datamodel-aml-c/include/camlinterface.h:86: warning: explicit link request to 'CAML_INVALID_PARAM' could not be resolved
/home/jaewook/project/github.sec/datamodel-aml-c/include/camlrepresentation.h:42: warning: explicit link request to 'CAML_OK' could not be resolved
/home/jaewook/project/github.sec/datamodel-aml-c/include/camlrepresentation.h:43: warning: explicit link request to 'CAML_INVALID_PARAM' could not be resolved
/home/jaewook/project/github.sec/datamodel-aml-c/include/camlrepresentation.h:44: warning: explicit link request to 'CAML_INVALID_FILE_PATH' could not be resolved
/home/jaewook/project/github.sec/datamodel-aml-c/include/camlrepresentation.h:45: warning: explicit link request to 'CAML_NO_MEMORY' could not be resolved
/home/jaewook/project/github.sec/datamodel-aml-c/include/camlrepresentation.h:55: warning: explicit link request to 'CAML_OK' could not be resolved
/home/jaewook/project/github.sec/datamodel-aml-c/include/camlrepresentation.h:56: warning: explicit link request to 'CAML_INVALID_PARAM' could not be resolved
/home/jaewook/project/github.sec/datamodel-aml-c/include/camlrepresentation.h:107: warning: explicit link request to 'CAML_OK' could not be resolved
/home/jaewook/project/github.sec/datamodel-aml-c/include/camlrepresentation.h:108: warning: explicit link request to 'CAML_INVALID_PARAM' could not be resolved
/home/jaewook/project/github.sec/datamodel-aml-c/include/camlrepresentation.h:109: warning: explicit link request to 'CAML_INVALID_AML_SCHEMA' could not be resolved
/home/jaewook/project/github.sec/datamodel-aml-c/include/camlrepresentation.h:143: warning: explicit link request to 'CAML_OK' could not be resolved
/home/jaewook/project/github.sec/datamodel-aml-c/include/camlrepresentation.h:144: warning: explicit link request to 'CAML_INVALID_PARAM' could not be resolved
/home/jaewook/project/github.sec/datamodel-aml-c/include/camlrepresentation.h:145: warning: explicit link request to 'CAML_INVALID_AML_SCHEMA' could not be resolved
/home/jaewook/project/github.sec/datamodel-aml-c/include/camlrepresentation.h:146: warning: explicit link request to 'CAML_API_NOT_ENABLED' could not be resolved
/home/jaewook/project/github.sec/datamodel-aml-c/include/camlrepresentation.h:92: warning: explicit link request to 'CAML_OK' could not be resolved
/home/jaewook/project/github.sec/datamodel-aml-c/include/camlrepresentation.h:93: warning: explicit link request to 'CAML_INVALID_PARAM' could not be resolved
/home/jaewook/project/github.sec/datamodel-aml-c/include/camlrepresentation.h:94: warning: explicit link request to 'CAML_INVALID_AML_SCHEMA' could not be resolved
/home/jaewook/project/github.sec/datamodel-aml-c/include/camlrepresentation.h:124: warning: explicit link request to 'CAML_OK' could not be resolved
/home/jaewook/project/github.sec/datamodel-aml-c/include/camlrepresentation.h:125: warning: explicit link request to 'CAML_INVALID_PARAM' could not be resolved
/home/jaewook/project/github.sec/datamodel-aml-c/include/camlrepresentation.h:127: warning: explicit link request to 'CAML_INVALID_AML_SCHEMA' could not be resolved
/home/jaewook/project/github.sec/datamodel-aml-c/include/camlrepresentation.h:128: warning: explicit link request to 'CAML_API_NOT_ENABLED' could not be resolved
/home/jaewook/project/github.sec/datamodel-aml-c/include/camlrepresentation.h:77: warning: explicit link request to 'CAML_OK' could not be resolved
/home/jaewook/project/github.sec/datamodel-aml-c/include/camlrepresentation.h:78: warning: explicit link request to 'CAML_INVALID_PARAM' could not be resolved
/home/jaewook/project/github.sec/datamodel-aml-c/include/camlrepresentation.h:79: warning: explicit link request to 'CAML_INVALID_AML_SCHEMA' could not be resolved
/home/jaewook/project/github.sec/datamodel-aml-c/include/camlrepresentation.h:64: warning: explicit link request to 'CAML_OK' could not be resolved
/home/jaewook/project/github.sec/datamodel-aml-c/include/camlrepresentation.h:65: warning: explicit link request to 'CAML_INVALID_PARAM' could not be resolved
/home/jaewook/project/github.sec/datamodel-aml-c/include/camlrepresentation.h:66: warning: explicit link request to 'CAML_NO_MEMORY' could not be resolved
